#
# There is insufficient memory for the Java Runtime Environment to continue.
# Native memory allocation (malloc) failed to allocate 3288088 bytes. Error detail: Chunk::new
# Possible reasons:
#   The system is out of physical RAM or swap space
#   This process is running with CompressedOops enabled, and the Java Heap may be blocking the growth of the native heap
# Possible solutions:
#   Reduce memory load on the system
#   Increase physical memory or swap space
#   Check if swap backing store is full
#   Decrease Java heap size (-Xmx/-Xms)
#   Decrease number of Java threads
#   Decrease Java thread stack sizes (-Xss)
#   Set larger code cache with -XX:ReservedCodeCacheSize=
#   JVM is running with Unscaled Compressed Oops mode in which the Java heap is
#     placed in the first 4GB address space. The Java Heap base address is the
#     maximum limit for the native heap growth. Please use -XX:HeapBaseMinAddress
#     to set the Java Heap base and to place the Java Heap above 4GB virtual address.
# This output file may be truncated or incomplete.
#
#  Out of Memory Error (arena.cpp:186), pid=5944, tid=5064
#
# JRE version: Java(TM) SE Runtime Environment (25.0.2+10) (build 25.0.2+10-LTS-69)
# Java VM: Java HotSpot(TM) 64-Bit Server VM (25.0.2+10-LTS-69, mixed mode, sharing, tiered, compressed oops, compressed class ptrs, g1 gc, windows-amd64)
# No core dump will be written. Minidumps are not enabled by default on client versions of Windows
#

---------------  S U M M A R Y ------------

Command Line: -Dnet.bytebuddy.agent.attacher.dump= net.bytebuddy.agent.Attacher com.sun.tools.attach.VirtualMachine 12156 C:\Users\Mayene\.m2\repository\net\bytebuddy\byte-buddy-agent\1.17.8\byte-buddy-agent-1.17.8.jar false 

Host: Intel(R) Core(TM) i5-7200U CPU @ 2.50GHz, 4 cores, 7G,  Windows 10 , 64 bit Build 19041 (10.0.19041.5915)
Time: Sun Mar 15 15:20:44 2026 Hora oficial do Brasil elapsed time: 0.386033 seconds (0d 0h 0m 0s)

---------------  T H R E A D  ---------------

Current thread (0x000001ea7e7c0540):  JavaThread "C2 CompilerThread0" daemon [_thread_in_native, id=5064, stack(0x000000be75200000,0x000000be75300000) (1024K)]


Current CompileTask:
C2:386  279       4       java.io.StreamTokenizer::nextToken (1266 bytes)

Stack: [0x000000be75200000,0x000000be75300000]
Native frames: (J=compiled Java code, j=interpreted, Vv=VM code, C=native code)
V  [jvm.dll+0x7a70f9]  (no source info available)
V  [jvm.dll+0x772d6d]  (no source info available)
V  [jvm.dll+0x965d53]  (no source info available)
V  [jvm.dll+0x968351]  (no source info available)
V  [jvm.dll+0x968a63]  (no source info available)
V  [jvm.dll+0x2fc846]  (no source info available)
V  [jvm.dll+0x111b16]  (no source info available)
V  [jvm.dll+0x111e3e]  (no source info available)
V  [jvm.dll+0x1a0872]  (no source info available)
V  [jvm.dll+0x3b54c2]  (no source info available)
V  [jvm.dll+0x7aca8f]  (no source info available)
V  [jvm.dll+0x2c0b97]  (no source info available)
V  [jvm.dll+0x2bfb5f]  (no source info available)
V  [jvm.dll+0x2379a0]  (no source info available)
V  [jvm.dll+0x2cfc86]  (no source info available)
V  [jvm.dll+0x2cdf05]  (no source info available)
V  [jvm.dll+0x48e9d1]  (no source info available)
V  [jvm.dll+0x906fcd]  (no source info available)
V  [jvm.dll+0x7a56d5]  (no source info available)
C  [ucrtbase.dll+0x21bb2]  (no source info available)
C  [KERNEL32.DLL+0x17374]  (no source info available)
C  [ntdll.dll+0x4cc91]  (no source info available)

Lock stack of current Java thread (top to bottom):


---------------  P R O C E S S  ---------------

Threads class SMR info:
_java_thread_list=0x000001ea7e850e30, length=11, elements={
0x000001ea711276f0, 0x000001ea7e7ba640, 0x000001ea7e7bc4b0, 0x000001ea7e7bd310,
0x000001ea7e7bded0, 0x000001ea7e7bea90, 0x000001ea7e7bf650, 0x000001ea7e7c0540,
0x000001ea7e7d8ee0, 0x000001ea7e853db0, 0x000001ea7e85c9e0
}

Java Threads: ( => current thread )
  0x000001ea711276f0 JavaThread "main"                              [_thread_in_native, id=5128, stack(0x000000be74400000,0x000000be74500000) (1024K)]
  0x000001ea7e7ba640 JavaThread "Reference Handler"          daemon [_thread_blocked, id=14308, stack(0x000000be74c00000,0x000000be74d00000) (1024K)]
  0x000001ea7e7bc4b0 JavaThread "Finalizer"                  daemon [_thread_blocked, id=8984, stack(0x000000be74d00000,0x000000be74e00000) (1024K)]
  0x000001ea7e7bd310 JavaThread "Signal Dispatcher"          daemon [_thread_blocked, id=6608, stack(0x000000be74e00000,0x000000be74f00000) (1024K)]
  0x000001ea7e7bded0 JavaThread "Attach Listener"            daemon [_thread_blocked, id=13612, stack(0x000000be74f00000,0x000000be75000000) (1024K)]
  0x000001ea7e7bea90 JavaThread "Service Thread"             daemon [_thread_blocked, id=8908, stack(0x000000be75000000,0x000000be75100000) (1024K)]
  0x000001ea7e7bf650 JavaThread "Monitor Deflation Thread"   daemon [_thread_blocked, id=14040, stack(0x000000be75100000,0x000000be75200000) (1024K)]
=>0x000001ea7e7c0540 JavaThread "C2 CompilerThread0"         daemon [_thread_in_native, id=5064, stack(0x000000be75200000,0x000000be75300000) (1024K)]
  0x000001ea7e7d8ee0 JavaThread "C1 CompilerThread0"         daemon [_thread_blocked, id=4860, stack(0x000000be75300000,0x000000be75400000) (1024K)]
  0x000001ea7e853db0 JavaThread "Notification Thread"        daemon [_thread_blocked, id=9744, stack(0x000000be75400000,0x000000be75500000) (1024K)]
  0x000001ea7e85c9e0 JavaThread "Common-Cleaner"             daemon [_thread_blocked, id=10752, stack(0x000000be75500000,0x000000be75600000) (1024K)]
Total: 11

Other Threads:
  0x000001ea733f8180 VMThread "VM Thread"                           [id=13000, stack(0x000000be74b00000,0x000000be74c00000) (1024K)]
  0x000001ea7e7ad1e0 WatcherThread "VM Periodic Task Thread"        [id=4008, stack(0x000000be74a00000,0x000000be74b00000) (1024K)]
  0x000001ea73384430 WorkerThread "GC Thread#0"                     [id=2244, stack(0x000000be74500000,0x000000be74600000) (1024K)]
  0x000001ea7339cf60 ConcurrentGCThread "G1 Main Marker"            [id=13396, stack(0x000000be74600000,0x000000be74700000) (1024K)]
  0x000001ea7339db00 WorkerThread "G1 Conc#0"                       [id=9364, stack(0x000000be74700000,0x000000be74800000) (1024K)]
  0x000001ea733cfb70 ConcurrentGCThread "G1 Refine#0"               [id=5000, stack(0x000000be74800000,0x000000be74900000) (1024K)]
  0x000001ea733d0780 ConcurrentGCThread "G1 Service"                [id=14260, stack(0x000000be74900000,0x000000be74a00000) (1024K)]
Total: 7

Threads with active compile tasks:
C2 CompilerThread0  510  279       4       java.io.StreamTokenizer::nextToken (1266 bytes)
Total: 1

VM state: not at safepoint (normal execution)

VM Mutex/Monitor currently owned by a thread: None

Heap address: 0x0000000081e00000, size: 2018 MB, Compressed Oops mode: 32-bit

CDS archive(s) mapped at: [0x0000000035000000-0x0000000035dd0000-0x0000000035dd0000), size 14483456, SharedBaseAddress: 0x0000000035000000, ArchiveRelocationMode: 1.
Compressed class space mapped at: 0x0000000036000000-0x0000000076000000, reserved size: 1073741824
UseCompressedClassPointers 1, UseCompactObjectHeaders 0
Narrow klass pointer bits 32, Max shift 3
Narrow klass base: 0x0000000035000000, Narrow klass shift: 0
Encoding Range: [0x0000000035000000 - 0x0000000135000000), (4294967296 bytes)
Klass Range:    [0x0000000035010000 - 0x0000000076000000), (1090453504 bytes)
Klass ID Range:  [65536 - 1090519033) (1090453497)
Protection zone: [0x0000000035000000 - 0x0000000035010000), (65536 bytes)

GC Precious Log:
 CardTable entry size: 512
 Card Set container configuration: InlinePtr #cards 5 size 8 Array Of Cards #cards 10 size 36 Howl #buckets 4 coarsen threshold 1843 Howl Bitmap #cards 512 size 80 coarsen threshold 460 Card regions per heap region 1 cards per card region 2048
 CPUs: 4 total, 4 available
 Memory: 8067M
 Large Page Support: Disabled
 NUMA Support: Disabled
 Compressed Oops: Enabled (32-bit)
 Heap Region Size: 1M
 Heap Min Capacity: 8M
 Heap Initial Capacity: 128M
 Heap Max Capacity: 2018M
 Pre-touch: Disabled
 Parallel Workers: 4
 Concurrent Workers: 1
 Concurrent Refinement Workers: 4
 Periodic GC: Disabled

Heap:
 garbage-first heap   total reserved 2066432K, committed 133120K, used 4245K [0x0000000081e00000, 0x0000000100000000)
  region size 1024K, 4 young (4096K), 0 survivors (0K)

Heap Regions: E=young(eden), S=young(survivor), O=old, HS=humongous(starts), HC=humongous(continues), CS=collection set, F=free, TAMS=top-at-mark-start, PB=parsable bottom
|   0|0x0000000081e00000, 0x0000000081e00000, 0x0000000081f00000|  0%| F|  |TAMS 0x0000000081e00000| PB 0x0000000081e00000| Untracked |  0
|   1|0x0000000081f00000, 0x0000000081f00000, 0x0000000082000000|  0%| F|  |TAMS 0x0000000081f00000| PB 0x0000000081f00000| Untracked |  0
|   2|0x0000000082000000, 0x0000000082000000, 0x0000000082100000|  0%| F|  |TAMS 0x0000000082000000| PB 0x0000000082000000| Untracked |  0
|   3|0x0000000082100000, 0x0000000082100000, 0x0000000082200000|  0%| F|  |TAMS 0x0000000082100000| PB 0x0000000082100000| Untracked |  0
|   4|0x0000000082200000, 0x0000000082200000, 0x0000000082300000|  0%| F|  |TAMS 0x0000000082200000| PB 0x0000000082200000| Untracked |  0
|   5|0x0000000082300000, 0x0000000082300000, 0x0000000082400000|  0%| F|  |TAMS 0x0000000082300000| PB 0x0000000082300000| Untracked |  0
|   6|0x0000000082400000, 0x0000000082400000, 0x0000000082500000|  0%| F|  |TAMS 0x0000000082400000| PB 0x0000000082400000| Untracked |  0
|   7|0x0000000082500000, 0x0000000082500000, 0x0000000082600000|  0%| F|  |TAMS 0x0000000082500000| PB 0x0000000082500000| Untracked |  0
|   8|0x0000000082600000, 0x0000000082600000, 0x0000000082700000|  0%| F|  |TAMS 0x0000000082600000| PB 0x0000000082600000| Untracked |  0
|   9|0x0000000082700000, 0x0000000082700000, 0x0000000082800000|  0%| F|  |TAMS 0x0000000082700000| PB 0x0000000082700000| Untracked |  0
|  10|0x0000000082800000, 0x0000000082800000, 0x0000000082900000|  0%| F|  |TAMS 0x0000000082800000| PB 0x0000000082800000| Untracked |  0
|  11|0x0000000082900000, 0x0000000082900000, 0x0000000082a00000|  0%| F|  |TAMS 0x0000000082900000| PB 0x0000000082900000| Untracked |  0
|  12|0x0000000082a00000, 0x0000000082a00000, 0x0000000082b00000|  0%| F|  |TAMS 0x0000000082a00000| PB 0x0000000082a00000| Untracked |  0
|  13|0x0000000082b00000, 0x0000000082b00000, 0x0000000082c00000|  0%| F|  |TAMS 0x0000000082b00000| PB 0x0000000082b00000| Untracked |  0
|  14|0x0000000082c00000, 0x0000000082c00000, 0x0000000082d00000|  0%| F|  |TAMS 0x0000000082c00000| PB 0x0000000082c00000| Untracked |  0
|  15|0x0000000082d00000, 0x0000000082d00000, 0x0000000082e00000|  0%| F|  |TAMS 0x0000000082d00000| PB 0x0000000082d00000| Untracked |  0
|  16|0x0000000082e00000, 0x0000000082e00000, 0x0000000082f00000|  0%| F|  |TAMS 0x0000000082e00000| PB 0x0000000082e00000| Untracked |  0
|  17|0x0000000082f00000, 0x0000000082f00000, 0x0000000083000000|  0%| F|  |TAMS 0x0000000082f00000| PB 0x0000000082f00000| Untracked |  0
|  18|0x0000000083000000, 0x0000000083000000, 0x0000000083100000|  0%| F|  |TAMS 0x0000000083000000| PB 0x0000000083000000| Untracked |  0
|  19|0x0000000083100000, 0x0000000083100000, 0x0000000083200000|  0%| F|  |TAMS 0x0000000083100000| PB 0x0000000083100000| Untracked |  0
|  20|0x0000000083200000, 0x0000000083200000, 0x0000000083300000|  0%| F|  |TAMS 0x0000000083200000| PB 0x0000000083200000| Untracked |  0
|  21|0x0000000083300000, 0x0000000083300000, 0x0000000083400000|  0%| F|  |TAMS 0x0000000083300000| PB 0x0000000083300000| Untracked |  0
|  22|0x0000000083400000, 0x0000000083400000, 0x0000000083500000|  0%| F|  |TAMS 0x0000000083400000| PB 0x0000000083400000| Untracked |  0
|  23|0x0000000083500000, 0x0000000083500000, 0x0000000083600000|  0%| F|  |TAMS 0x0000000083500000| PB 0x0000000083500000| Untracked |  0
|  24|0x0000000083600000, 0x0000000083600000, 0x0000000083700000|  0%| F|  |TAMS 0x0000000083600000| PB 0x0000000083600000| Untracked |  0
|  25|0x0000000083700000, 0x0000000083700000, 0x0000000083800000|  0%| F|  |TAMS 0x0000000083700000| PB 0x0000000083700000| Untracked |  0
|  26|0x0000000083800000, 0x0000000083800000, 0x0000000083900000|  0%| F|  |TAMS 0x0000000083800000| PB 0x0000000083800000| Untracked |  0
|  27|0x0000000083900000, 0x0000000083900000, 0x0000000083a00000|  0%| F|  |TAMS 0x0000000083900000| PB 0x0000000083900000| Untracked |  0
|  28|0x0000000083a00000, 0x0000000083a00000, 0x0000000083b00000|  0%| F|  |TAMS 0x0000000083a00000| PB 0x0000000083a00000| Untracked |  0
|  29|0x0000000083b00000, 0x0000000083b00000, 0x0000000083c00000|  0%| F|  |TAMS 0x0000000083b00000| PB 0x0000000083b00000| Untracked |  0
|  30|0x0000000083c00000, 0x0000000083c00000, 0x0000000083d00000|  0%| F|  |TAMS 0x0000000083c00000| PB 0x0000000083c00000| Untracked |  0
|  31|0x0000000083d00000, 0x0000000083d00000, 0x0000000083e00000|  0%| F|  |TAMS 0x0000000083d00000| PB 0x0000000083d00000| Untracked |  0
|  32|0x0000000083e00000, 0x0000000083e00000, 0x0000000083f00000|  0%| F|  |TAMS 0x0000000083e00000| PB 0x0000000083e00000| Untracked |  0
|  33|0x0000000083f00000, 0x0000000083f00000, 0x0000000084000000|  0%| F|  |TAMS 0x0000000083f00000| PB 0x0000000083f00000| Untracked |  0
|  34|0x0000000084000000, 0x0000000084000000, 0x0000000084100000|  0%| F|  |TAMS 0x0000000084000000| PB 0x0000000084000000| Untracked |  0
|  35|0x0000000084100000, 0x0000000084100000, 0x0000000084200000|  0%| F|  |TAMS 0x0000000084100000| PB 0x0000000084100000| Untracked |  0
|  36|0x0000000084200000, 0x0000000084200000, 0x0000000084300000|  0%| F|  |TAMS 0x0000000084200000| PB 0x0000000084200000| Untracked |  0
|  37|0x0000000084300000, 0x0000000084300000, 0x0000000084400000|  0%| F|  |TAMS 0x0000000084300000| PB 0x0000000084300000| Untracked |  0
|  38|0x0000000084400000, 0x0000000084400000, 0x0000000084500000|  0%| F|  |TAMS 0x0000000084400000| PB 0x0000000084400000| Untracked |  0
|  39|0x0000000084500000, 0x0000000084500000, 0x0000000084600000|  0%| F|  |TAMS 0x0000000084500000| PB 0x0000000084500000| Untracked |  0
|  40|0x0000000084600000, 0x0000000084600000, 0x0000000084700000|  0%| F|  |TAMS 0x0000000084600000| PB 0x0000000084600000| Untracked |  0
|  41|0x0000000084700000, 0x0000000084700000, 0x0000000084800000|  0%| F|  |TAMS 0x0000000084700000| PB 0x0000000084700000| Untracked |  0
|  42|0x0000000084800000, 0x0000000084800000, 0x0000000084900000|  0%| F|  |TAMS 0x0000000084800000| PB 0x0000000084800000| Untracked |  0
|  43|0x0000000084900000, 0x0000000084900000, 0x0000000084a00000|  0%| F|  |TAMS 0x0000000084900000| PB 0x0000000084900000| Untracked |  0
|  44|0x0000000084a00000, 0x0000000084a00000, 0x0000000084b00000|  0%| F|  |TAMS 0x0000000084a00000| PB 0x0000000084a00000| Untracked |  0
|  45|0x0000000084b00000, 0x0000000084b00000, 0x0000000084c00000|  0%| F|  |TAMS 0x0000000084b00000| PB 0x0000000084b00000| Untracked |  0
|  46|0x0000000084c00000, 0x0000000084c00000, 0x0000000084d00000|  0%| F|  |TAMS 0x0000000084c00000| PB 0x0000000084c00000| Untracked |  0
|  47|0x0000000084d00000, 0x0000000084d00000, 0x0000000084e00000|  0%| F|  |TAMS 0x0000000084d00000| PB 0x0000000084d00000| Untracked |  0
|  48|0x0000000084e00000, 0x0000000084e00000, 0x0000000084f00000|  0%| F|  |TAMS 0x0000000084e00000| PB 0x0000000084e00000| Untracked |  0
|  49|0x0000000084f00000, 0x0000000084f00000, 0x0000000085000000|  0%| F|  |TAMS 0x0000000084f00000| PB 0x0000000084f00000| Untracked |  0
|  50|0x0000000085000000, 0x0000000085000000, 0x0000000085100000|  0%| F|  |TAMS 0x0000000085000000| PB 0x0000000085000000| Untracked |  0
|  51|0x0000000085100000, 0x0000000085100000, 0x0000000085200000|  0%| F|  |TAMS 0x0000000085100000| PB 0x0000000085100000| Untracked |  0
|  52|0x0000000085200000, 0x0000000085200000, 0x0000000085300000|  0%| F|  |TAMS 0x0000000085200000| PB 0x0000000085200000| Untracked |  0
|  53|0x0000000085300000, 0x0000000085300000, 0x0000000085400000|  0%| F|  |TAMS 0x0000000085300000| PB 0x0000000085300000| Untracked |  0
|  54|0x0000000085400000, 0x0000000085400000, 0x0000000085500000|  0%| F|  |TAMS 0x0000000085400000| PB 0x0000000085400000| Untracked |  0
|  55|0x0000000085500000, 0x0000000085500000, 0x0000000085600000|  0%| F|  |TAMS 0x0000000085500000| PB 0x0000000085500000| Untracked |  0
|  56|0x0000000085600000, 0x0000000085600000, 0x0000000085700000|  0%| F|  |TAMS 0x0000000085600000| PB 0x0000000085600000| Untracked |  0
|  57|0x0000000085700000, 0x0000000085700000, 0x0000000085800000|  0%| F|  |TAMS 0x0000000085700000| PB 0x0000000085700000| Untracked |  0
|  58|0x0000000085800000, 0x0000000085800000, 0x0000000085900000|  0%| F|  |TAMS 0x0000000085800000| PB 0x0000000085800000| Untracked |  0
|  59|0x0000000085900000, 0x0000000085900000, 0x0000000085a00000|  0%| F|  |TAMS 0x0000000085900000| PB 0x0000000085900000| Untracked |  0
|  60|0x0000000085a00000, 0x0000000085a00000, 0x0000000085b00000|  0%| F|  |TAMS 0x0000000085a00000| PB 0x0000000085a00000| Untracked |  0
|  61|0x0000000085b00000, 0x0000000085b00000, 0x0000000085c00000|  0%| F|  |TAMS 0x0000000085b00000| PB 0x0000000085b00000| Untracked |  0
|  62|0x0000000085c00000, 0x0000000085c00000, 0x0000000085d00000|  0%| F|  |TAMS 0x0000000085c00000| PB 0x0000000085c00000| Untracked |  0
|  63|0x0000000085d00000, 0x0000000085d00000, 0x0000000085e00000|  0%| F|  |TAMS 0x0000000085d00000| PB 0x0000000085d00000| Untracked |  0
|  64|0x0000000085e00000, 0x0000000085e00000, 0x0000000085f00000|  0%| F|  |TAMS 0x0000000085e00000| PB 0x0000000085e00000| Untracked |  0
|  65|0x0000000085f00000, 0x0000000085f00000, 0x0000000086000000|  0%| F|  |TAMS 0x0000000085f00000| PB 0x0000000085f00000| Untracked |  0
|  66|0x0000000086000000, 0x0000000086000000, 0x0000000086100000|  0%| F|  |TAMS 0x0000000086000000| PB 0x0000000086000000| Untracked |  0
|  67|0x0000000086100000, 0x0000000086100000, 0x0000000086200000|  0%| F|  |TAMS 0x0000000086100000| PB 0x0000000086100000| Untracked |  0
|  68|0x0000000086200000, 0x0000000086200000, 0x0000000086300000|  0%| F|  |TAMS 0x0000000086200000| PB 0x0000000086200000| Untracked |  0
|  69|0x0000000086300000, 0x0000000086300000, 0x0000000086400000|  0%| F|  |TAMS 0x0000000086300000| PB 0x0000000086300000| Untracked |  0
|  70|0x0000000086400000, 0x0000000086400000, 0x0000000086500000|  0%| F|  |TAMS 0x0000000086400000| PB 0x0000000086400000| Untracked |  0
|  71|0x0000000086500000, 0x0000000086500000, 0x0000000086600000|  0%| F|  |TAMS 0x0000000086500000| PB 0x0000000086500000| Untracked |  0
|  72|0x0000000086600000, 0x0000000086600000, 0x0000000086700000|  0%| F|  |TAMS 0x0000000086600000| PB 0x0000000086600000| Untracked |  0
|  73|0x0000000086700000, 0x0000000086700000, 0x0000000086800000|  0%| F|  |TAMS 0x0000000086700000| PB 0x0000000086700000| Untracked |  0
|  74|0x0000000086800000, 0x0000000086800000, 0x0000000086900000|  0%| F|  |TAMS 0x0000000086800000| PB 0x0000000086800000| Untracked |  0
|  75|0x0000000086900000, 0x0000000086900000, 0x0000000086a00000|  0%| F|  |TAMS 0x0000000086900000| PB 0x0000000086900000| Untracked |  0
|  76|0x0000000086a00000, 0x0000000086a00000, 0x0000000086b00000|  0%| F|  |TAMS 0x0000000086a00000| PB 0x0000000086a00000| Untracked |  0
|  77|0x0000000086b00000, 0x0000000086b00000, 0x0000000086c00000|  0%| F|  |TAMS 0x0000000086b00000| PB 0x0000000086b00000| Untracked |  0
|  78|0x0000000086c00000, 0x0000000086c00000, 0x0000000086d00000|  0%| F|  |TAMS 0x0000000086c00000| PB 0x0000000086c00000| Untracked |  0
|  79|0x0000000086d00000, 0x0000000086d00000, 0x0000000086e00000|  0%| F|  |TAMS 0x0000000086d00000| PB 0x0000000086d00000| Untracked |  0
|  80|0x0000000086e00000, 0x0000000086e00000, 0x0000000086f00000|  0%| F|  |TAMS 0x0000000086e00000| PB 0x0000000086e00000| Untracked |  0
|  81|0x0000000086f00000, 0x0000000086f00000, 0x0000000087000000|  0%| F|  |TAMS 0x0000000086f00000| PB 0x0000000086f00000| Untracked |  0
|  82|0x0000000087000000, 0x0000000087000000, 0x0000000087100000|  0%| F|  |TAMS 0x0000000087000000| PB 0x0000000087000000| Untracked |  0
|  83|0x0000000087100000, 0x0000000087100000, 0x0000000087200000|  0%| F|  |TAMS 0x0000000087100000| PB 0x0000000087100000| Untracked |  0
|  84|0x0000000087200000, 0x0000000087200000, 0x0000000087300000|  0%| F|  |TAMS 0x0000000087200000| PB 0x0000000087200000| Untracked |  0
|  85|0x0000000087300000, 0x0000000087300000, 0x0000000087400000|  0%| F|  |TAMS 0x0000000087300000| PB 0x0000000087300000| Untracked |  0
|  86|0x0000000087400000, 0x0000000087400000, 0x0000000087500000|  0%| F|  |TAMS 0x0000000087400000| PB 0x0000000087400000| Untracked |  0
|  87|0x0000000087500000, 0x0000000087500000, 0x0000000087600000|  0%| F|  |TAMS 0x0000000087500000| PB 0x0000000087500000| Untracked |  0
|  88|0x0000000087600000, 0x0000000087600000, 0x0000000087700000|  0%| F|  |TAMS 0x0000000087600000| PB 0x0000000087600000| Untracked |  0
|  89|0x0000000087700000, 0x0000000087700000, 0x0000000087800000|  0%| F|  |TAMS 0x0000000087700000| PB 0x0000000087700000| Untracked |  0
|  90|0x0000000087800000, 0x0000000087800000, 0x0000000087900000|  0%| F|  |TAMS 0x0000000087800000| PB 0x0000000087800000| Untracked |  0
|  91|0x0000000087900000, 0x0000000087900000, 0x0000000087a00000|  0%| F|  |TAMS 0x0000000087900000| PB 0x0000000087900000| Untracked |  0
|  92|0x0000000087a00000, 0x0000000087a00000, 0x0000000087b00000|  0%| F|  |TAMS 0x0000000087a00000| PB 0x0000000087a00000| Untracked |  0
|  93|0x0000000087b00000, 0x0000000087b00000, 0x0000000087c00000|  0%| F|  |TAMS 0x0000000087b00000| PB 0x0000000087b00000| Untracked |  0
|  94|0x0000000087c00000, 0x0000000087c00000, 0x0000000087d00000|  0%| F|  |TAMS 0x0000000087c00000| PB 0x0000000087c00000| Untracked |  0
|  95|0x0000000087d00000, 0x0000000087d00000, 0x0000000087e00000|  0%| F|  |TAMS 0x0000000087d00000| PB 0x0000000087d00000| Untracked |  0
|  96|0x0000000087e00000, 0x0000000087e00000, 0x0000000087f00000|  0%| F|  |TAMS 0x0000000087e00000| PB 0x0000000087e00000| Untracked |  0
|  97|0x0000000087f00000, 0x0000000087f00000, 0x0000000088000000|  0%| F|  |TAMS 0x0000000087f00000| PB 0x0000000087f00000| Untracked |  0
|  98|0x0000000088000000, 0x0000000088000000, 0x0000000088100000|  0%| F|  |TAMS 0x0000000088000000| PB 0x0000000088000000| Untracked |  0
|  99|0x0000000088100000, 0x0000000088100000, 0x0000000088200000|  0%| F|  |TAMS 0x0000000088100000| PB 0x0000000088100000| Untracked |  0
| 100|0x0000000088200000, 0x0000000088200000, 0x0000000088300000|  0%| F|  |TAMS 0x0000000088200000| PB 0x0000000088200000| Untracked |  0
| 101|0x0000000088300000, 0x0000000088300000, 0x0000000088400000|  0%| F|  |TAMS 0x0000000088300000| PB 0x0000000088300000| Untracked |  0
| 102|0x0000000088400000, 0x0000000088400000, 0x0000000088500000|  0%| F|  |TAMS 0x0000000088400000| PB 0x0000000088400000| Untracked |  0
| 103|0x0000000088500000, 0x0000000088500000, 0x0000000088600000|  0%| F|  |TAMS 0x0000000088500000| PB 0x0000000088500000| Untracked |  0
| 104|0x0000000088600000, 0x0000000088600000, 0x0000000088700000|  0%| F|  |TAMS 0x0000000088600000| PB 0x0000000088600000| Untracked |  0
| 105|0x0000000088700000, 0x0000000088700000, 0x0000000088800000|  0%| F|  |TAMS 0x0000000088700000| PB 0x0000000088700000| Untracked |  0
| 106|0x0000000088800000, 0x0000000088800000, 0x0000000088900000|  0%| F|  |TAMS 0x0000000088800000| PB 0x0000000088800000| Untracked |  0
| 107|0x0000000088900000, 0x0000000088900000, 0x0000000088a00000|  0%| F|  |TAMS 0x0000000088900000| PB 0x0000000088900000| Untracked |  0
| 108|0x0000000088a00000, 0x0000000088a00000, 0x0000000088b00000|  0%| F|  |TAMS 0x0000000088a00000| PB 0x0000000088a00000| Untracked |  0
| 109|0x0000000088b00000, 0x0000000088b00000, 0x0000000088c00000|  0%| F|  |TAMS 0x0000000088b00000| PB 0x0000000088b00000| Untracked |  0
| 110|0x0000000088c00000, 0x0000000088c00000, 0x0000000088d00000|  0%| F|  |TAMS 0x0000000088c00000| PB 0x0000000088c00000| Untracked |  0
| 111|0x0000000088d00000, 0x0000000088d00000, 0x0000000088e00000|  0%| F|  |TAMS 0x0000000088d00000| PB 0x0000000088d00000| Untracked |  0
| 112|0x0000000088e00000, 0x0000000088e00000, 0x0000000088f00000|  0%| F|  |TAMS 0x0000000088e00000| PB 0x0000000088e00000| Untracked |  0
| 113|0x0000000088f00000, 0x0000000088f00000, 0x0000000089000000|  0%| F|  |TAMS 0x0000000088f00000| PB 0x0000000088f00000| Untracked |  0
| 114|0x0000000089000000, 0x0000000089000000, 0x0000000089100000|  0%| F|  |TAMS 0x0000000089000000| PB 0x0000000089000000| Untracked |  0
| 115|0x0000000089100000, 0x0000000089100000, 0x0000000089200000|  0%| F|  |TAMS 0x0000000089100000| PB 0x0000000089100000| Untracked |  0
| 116|0x0000000089200000, 0x0000000089200000, 0x0000000089300000|  0%| F|  |TAMS 0x0000000089200000| PB 0x0000000089200000| Untracked |  0
| 117|0x0000000089300000, 0x0000000089300000, 0x0000000089400000|  0%| F|  |TAMS 0x0000000089300000| PB 0x0000000089300000| Untracked |  0
| 118|0x0000000089400000, 0x0000000089400000, 0x0000000089500000|  0%| F|  |TAMS 0x0000000089400000| PB 0x0000000089400000| Untracked |  0
| 119|0x0000000089500000, 0x0000000089500000, 0x0000000089600000|  0%| F|  |TAMS 0x0000000089500000| PB 0x0000000089500000| Untracked |  0
| 120|0x0000000089600000, 0x0000000089600000, 0x0000000089700000|  0%| F|  |TAMS 0x0000000089600000| PB 0x0000000089600000| Untracked |  0
| 121|0x0000000089700000, 0x0000000089700000, 0x0000000089800000|  0%| F|  |TAMS 0x0000000089700000| PB 0x0000000089700000| Untracked |  0
| 122|0x0000000089800000, 0x0000000089800000, 0x0000000089900000|  0%| F|  |TAMS 0x0000000089800000| PB 0x0000000089800000| Untracked |  0
| 123|0x0000000089900000, 0x0000000089900000, 0x0000000089a00000|  0%| F|  |TAMS 0x0000000089900000| PB 0x0000000089900000| Untracked |  0
| 124|0x0000000089a00000, 0x0000000089a80000, 0x0000000089b00000| 50%| E|  |TAMS 0x0000000089a00000| PB 0x0000000089a00000| Complete |  0
| 125|0x0000000089b00000, 0x0000000089c00000, 0x0000000089c00000|100%| E|CS|TAMS 0x0000000089b00000| PB 0x0000000089b00000| Complete |  0
| 126|0x0000000089c00000, 0x0000000089d00000, 0x0000000089d00000|100%| E|CS|TAMS 0x0000000089c00000| PB 0x0000000089c00000| Complete |  0
| 127|0x0000000089d00000, 0x0000000089e00000, 0x0000000089e00000|100%| E|CS|TAMS 0x0000000089d00000| PB 0x0000000089d00000| Complete |  0
|2016|0x00000000ffe00000, 0x00000000fff00000, 0x00000000fff00000|100%| O|  |TAMS 0x00000000ffe00000| PB 0x00000000ffe00000| Untracked |  0
|2017|0x00000000fff00000, 0x00000000fff257b8, 0x0000000100000000| 14%| O|  |TAMS 0x00000000fff00000| PB 0x00000000fff00000| Untracked |  0

Card table byte_map: [0x000001ea7bfd0000,0x000001ea7c3d0000] _byte_map_base: 0x000001ea7bbc1000

Marking Bits: (CMBitMap*) 0x000001ea73384bc0
 Bits: [0x000001ea7c3d0000, 0x000001ea7e358000)

Polling page: 0x000001ea72b10000

Metaspace:
Metaspace        used 1208K, committed 1408K, reserved 1114112K
 class space     used 113K, committed 192K, reserved 1048576K

Usage:
  Non-class:      1.07 MB used.
      Class:    113.17 KB used.
       Both:      1.18 MB used.

Virtual space:
  Non-class space:       64.00 MB reserved,       1.19 MB (  2%) committed,  1 nodes.
      Class space:        1.00 GB reserved,     192.00 KB ( <1%) committed,  1 nodes.
             Both:        1.06 GB reserved,       1.38 MB ( <1%) committed. 

Chunk freelists:
   Non-Class:  11.74 MB
       Class:  15.68 MB
        Both:  27.42 MB

MaxMetaspaceSize: unlimited
CompressedClassSpaceSize: 1.00 GB
Initial GC threshold: 21.00 MB
Current GC threshold: 21.00 MB
CDS: on
 - commit_granule_bytes: 65536.
 - commit_granule_words: 8192.
 - virtual_space_node_default_size: 8388608.
 - enlarge_chunks_in_place: 1.
UseCompressedClassPointers 1, UseCompactObjectHeaders 0
Narrow klass pointer bits 32, Max shift 3
Narrow klass base: 0x0000000035000000, Narrow klass shift: 0
Encoding Range: [0x0000000035000000 - 0x0000000135000000), (4294967296 bytes)
Klass Range:    [0x0000000035010000 - 0x0000000076000000), (1090453504 bytes)
Klass ID Range:  [65536 - 1090519033) (1090453497)
Protection zone: [0x0000000035000000 - 0x0000000035010000), (65536 bytes)


Internal statistics:

num_allocs_failed_limit: 0.
num_arena_births: 52.
num_arena_deaths: 0.
num_vsnodes_births: 2.
num_vsnodes_deaths: 0.
num_space_committed: 22.
num_space_uncommitted: 0.
num_chunks_returned_to_freelist: 0.
num_chunks_taken_from_freelist: 82.
num_chunk_merges: 0.
num_chunk_splits: 51.
num_chunks_enlarged: 22.
num_inconsistent_stats: 0.

CodeHeap 'non-profiled nmethods': size=120064Kb used=109Kb max_used=109Kb free=119954Kb
 bounds [0x000001ea07ac0000, 0x000001ea07d30000, 0x000001ea0f000000]
CodeHeap 'profiled nmethods': size=120000Kb used=396Kb max_used=396Kb free=119603Kb
 bounds [0x000001ea00000000, 0x000001ea00270000, 0x000001ea07530000]
CodeHeap 'non-nmethods': size=5696Kb used=1315Kb max_used=1315Kb free=4381Kb
 bounds [0x000001ea07530000, 0x000001ea077a0000, 0x000001ea07ac0000]
CodeCache: size=245760Kb, used=1820Kb, max_used=1820Kb, free=243938Kb
 total_blobs=784, nmethods=346, adapters=341, full_count=0
Compilation: enabled, stopped_count=0, restarted_count=0

Compilation events (20 events):
Event: 0.377 Thread 0x000001ea7e7d8ee0 nmethod 325 0x000001ea0005b688 code [0x000001ea0005b780, 0x000001ea0005ba38]
Event: 0.377 Thread 0x000001ea7e7d8ee0  324       3       jdk.internal.classfile.impl.SplitConstantPool::classEntryForClassOrInterface (111 bytes)
Event: 0.378 Thread 0x000001ea7e7d8ee0 nmethod 324 0x000001ea0005ba88 code [0x000001ea0005bb80, 0x000001ea0005d058]
Event: 0.378 Thread 0x000001ea7e7d8ee0  327       3       jdk.internal.constant.MethodTypeDescImpl::parameterCount (6 bytes)
Event: 0.378 Thread 0x000001ea7e7d8ee0 nmethod 327 0x000001ea0005d088 code [0x000001ea0005d180, 0x000001ea0005d290]
Event: 0.378 Thread 0x000001ea7e7d8ee0  330       1       jdk.internal.classfile.impl.DirectMethodBuilder::methodFlags (5 bytes)
Event: 0.379 Thread 0x000001ea7e7d8ee0 nmethod 330 0x000001ea07ada488 code [0x000001ea07ada580, 0x000001ea07ada648]
Event: 0.379 Thread 0x000001ea7e7d8ee0  333       1       java.lang.invoke.LambdaForm$Name::type (5 bytes)
Event: 0.379 Thread 0x000001ea7e7d8ee0 nmethod 333 0x000001ea07ada788 code [0x000001ea07ada880, 0x000001ea07ada948]
Event: 0.379 Thread 0x000001ea7e7d8ee0  334       1       jdk.internal.classfile.impl.DirectMethodBuilder::methodType (5 bytes)
Event: 0.379 Thread 0x000001ea7e7d8ee0 nmethod 334 0x000001ea07adaa88 code [0x000001ea07adab80, 0x000001ea07adac48]
Event: 0.381 Thread 0x000001ea7e7d8ee0  335       3       java.lang.reflect.Modifier::isStatic (13 bytes)
Event: 0.381 Thread 0x000001ea7e7d8ee0 nmethod 335 0x000001ea0005d388 code [0x000001ea0005d480, 0x000001ea0005d5b8]
Event: 0.383 Thread 0x000001ea7e7d8ee0  336       3       java.lang.invoke.MemberName::isResolved (13 bytes)
Event: 0.383 Thread 0x000001ea7e7d8ee0 nmethod 336 0x000001ea0005d688 code [0x000001ea0005d780, 0x000001ea0005d8d8]
Event: 0.383 Thread 0x000001ea7e7d8ee0  337       3       java.lang.Class::isInterface (8 bytes)
Event: 0.384 Thread 0x000001ea7e7d8ee0 nmethod 337 0x000001ea0005d988 code [0x000001ea0005da80, 0x000001ea0005dc40]
Event: 0.384 Thread 0x000001ea7e7d8ee0  338       3       java.lang.reflect.Modifier::isInterface (14 bytes)
Event: 0.384 Thread 0x000001ea7e7d8ee0 nmethod 338 0x000001ea0005dc88 code [0x000001ea0005dd80, 0x000001ea0005deb8]
Event: 0.384 Thread 0x000001ea7e7d8ee0  339       3       sun.invoke.util.Wrapper::forPrimitiveType (122 bytes)

GC Heap Usage History (0 events):
No events

Metaspace Usage History (0 events):
No events

Dll operation events (6 events):
Event: 0.029 Loaded shared library C:\Program Files\Java\jdk-25.0.2\bin\java.dll
Event: 0.114 Loaded shared library C:\Program Files\Java\jdk-25.0.2\bin\net.dll
Event: 0.117 Loaded shared library C:\Program Files\Java\jdk-25.0.2\bin\nio.dll
Event: 0.147 Loaded shared library C:\Program Files\Java\jdk-25.0.2\bin\zip.dll
Event: 0.160 Loaded shared library C:\Program Files\Java\jdk-25.0.2\bin\jimage.dll
Event: 0.189 Loaded shared library C:\Program Files\Java\jdk-25.0.2\bin\attach.dll

Deoptimization events (4 events):
Event: 0.317 Thread 0x000001ea711276f0 Uncommon trap: trap_request=0xffffff45 fr.pc=0x000001ea07ad3e20 relative=0x00000000000002a0
Event: 0.317 Thread 0x000001ea711276f0 Uncommon trap: reason=unstable_if action=reinterpret pc=0x000001ea07ad3e20 method=java.io.BufferedReader.read()I @ 19 c2
Event: 0.317 Thread 0x000001ea711276f0 DEOPT PACKING pc=0x000001ea07ad3e20 sp=0x000000be744feb30
Event: 0.317 Thread 0x000001ea711276f0 DEOPT UNPACKING pc=0x000001ea075b9102 sp=0x000000be744fea70 mode 2

Classes loaded (20 events):
Event: 0.332 Loading class java/util/concurrent/SynchronousQueue$Transferer
Event: 0.332 Loading class java/util/concurrent/LinkedTransferQueue
Event: 0.333 Loading class java/util/concurrent/TransferQueue
Event: 0.333 Loading class java/util/concurrent/TransferQueue done
Event: 0.333 Loading class java/util/concurrent/LinkedTransferQueue done
Event: 0.333 Loading class java/util/concurrent/SynchronousQueue$Transferer done
Event: 0.333 Loading class java/util/concurrent/LinkedTransferQueue$DualNode
Event: 0.333 Loading class java/util/concurrent/ForkJoinPool$ManagedBlocker
Event: 0.334 Loading class java/util/concurrent/ForkJoinPool$ManagedBlocker done
Event: 0.334 Loading class java/util/concurrent/LinkedTransferQueue$DualNode done
Event: 0.334 Loading class java/lang/invoke/VarHandleInts$FieldInstanceReadWrite
Event: 0.335 Loading class java/lang/invoke/VarHandleInts$FieldInstanceReadOnly
Event: 0.335 Loading class java/lang/invoke/VarHandleInts$FieldInstanceReadOnly done
Event: 0.335 Loading class java/lang/invoke/VarHandleInts$FieldInstanceReadWrite done
Event: 0.335 Loading class java/util/concurrent/locks/AbstractQueuedSynchronizer$ConditionObject
Event: 0.335 Loading class java/util/concurrent/locks/Condition
Event: 0.335 Loading class java/util/concurrent/locks/Condition done
Event: 0.335 Loading class java/util/concurrent/locks/AbstractQueuedSynchronizer$ConditionObject done
Event: 0.380 Loading class java/util/HashMap$EntrySpliterator
Event: 0.380 Loading class java/util/HashMap$EntrySpliterator done

Classes unloaded (0 events):
No events

Classes redefined (0 events):
No events

Internal exceptions (8 events):
Event: 0.256 Thread 0x000001ea711276f0 Exception <a 'java/lang/NoSuchMethodError'{0x0000000089b35f50}: 'java.lang.Object java.lang.invoke.DirectMethodHandle$Holder.newInvokeSpecial(java.lang.Object, java.lang.Object, int)'> (0x0000000089b35f50) 
thrown [s\open\src\hotspot\share\interpreter\linkResolver.cpp, line 804]
Event: 0.270 Thread 0x000001ea711276f0 Exception <a 'java/lang/NoSuchMethodError'{0x0000000089b4fbd8}: 'java.lang.Object java.lang.invoke.DirectMethodHandle$Holder.invokeStatic(java.lang.Object, java.lang.Object, java.lang.Object, java.lang.Object, int)'> (0x0000000089b4fbd8) 
thrown [s\open\src\hotspot\share\interpreter\linkResolver.cpp, line 804]
Event: 0.326 Thread 0x000001ea711276f0 Exception <a 'java/lang/NoSuchMethodError'{0x0000000089bb3860}: 'java.lang.Object java.lang.invoke.DirectMethodHandle$Holder.invokeStatic(java.lang.Object, long, java.lang.Object)'> (0x0000000089bb3860) 
thrown [s\open\src\hotspot\share\interpreter\linkResolver.cpp, line 804]
Event: 0.327 Thread 0x000001ea711276f0 Exception <a 'java/lang/NoSuchMethodError'{0x0000000089bbb790}: 'java.lang.Object java.lang.invoke.DirectMethodHandle$Holder.invokeStaticInit(java.lang.Object, long, java.lang.Object)'> (0x0000000089bbb790) 
thrown [s\open\src\hotspot\share\interpreter\linkResolver.cpp, line 804]
Event: 0.329 Thread 0x000001ea711276f0 Exception <a 'java/lang/NoSuchMethodError'{0x0000000089bcabd8}: 'java.lang.Object java.lang.invoke.DirectMethodHandle$Holder.newInvokeSpecial(java.lang.Object, long)'> (0x0000000089bcabd8) 
thrown [s\open\src\hotspot\share\interpreter\linkResolver.cpp, line 804]
Event: 0.369 Thread 0x000001ea711276f0 Exception <a 'java/lang/NoSuchMethodError'{0x0000000089bf0650}: 'void java.lang.invoke.DirectMethodHandle$Holder.invokeVirtual(java.lang.Object, java.lang.Object, java.lang.Object, java.lang.Object)'> (0x0000000089bf0650) 
thrown [s\open\src\hotspot\share\interpreter\linkResolver.cpp, line 804]
Event: 0.371 Thread 0x000001ea711276f0 Exception <a 'java/lang/NoSuchMethodError'{0x0000000089bf8c48}: 'void java.lang.invoke.DirectMethodHandle$Holder.invokeSpecial(java.lang.Object, java.lang.Object, java.lang.Object, java.lang.Object, java.lang.Object)'> (0x0000000089bf8c48) 
thrown [s\open\src\hotspot\share\interpreter\linkResolver.cpp, line 804]
Event: 0.378 Thread 0x000001ea711276f0 Exception <a 'java/lang/NoSuchMethodError'{0x0000000089a1b648}: 'java.lang.Object java.lang.invoke.Invokers$Holder.invokeExact_MT(java.lang.Object, java.lang.Object, java.lang.Object, java.lang.Object, java.lang.Object)'> (0x0000000089a1b648) 
thrown [s\open\src\hotspot\share\interpreter\linkResolver.cpp, line 804]

VM Operations (0 events):
No events

Memory protections (0 events):
No events

Nmethod flushes (0 events):
No events

Events (11 events):
Event: 0.060 Thread 0x000001ea711276f0 Thread added: 0x000001ea711276f0
Event: 0.082 Thread 0x000001ea711276f0 Thread added: 0x000001ea7e7ba640
Event: 0.082 Thread 0x000001ea711276f0 Thread added: 0x000001ea7e7bc4b0
Event: 0.083 Thread 0x000001ea711276f0 Thread added: 0x000001ea7e7bd310
Event: 0.083 Thread 0x000001ea711276f0 Thread added: 0x000001ea7e7bded0
Event: 0.083 Thread 0x000001ea711276f0 Thread added: 0x000001ea7e7bea90
Event: 0.083 Thread 0x000001ea711276f0 Thread added: 0x000001ea7e7bf650
Event: 0.083 Thread 0x000001ea711276f0 Thread added: 0x000001ea7e7c0540
Event: 0.087 Thread 0x000001ea711276f0 Thread added: 0x000001ea7e7d8ee0
Event: 0.105 Thread 0x000001ea711276f0 Thread added: 0x000001ea7e853db0
Event: 0.110 Thread 0x000001ea711276f0 Thread added: 0x000001ea7e85c9e0


Dynamic libraries:
0x00007ff648950000 - 0x00007ff648960000 	C:\Program Files\Java\jdk-25.0.2\bin\java.exe
0x00007ffdde8b0000 - 0x00007ffddeaa8000 	C:\Windows\SYSTEM32\ntdll.dll
0x00007ffddcb40000 - 0x00007ffddcc02000 	C:\Windows\System32\KERNEL32.DLL
0x00007ffddc300000 - 0x00007ffddc5f6000 	C:\Windows\System32\KERNELBASE.dll
0x00007ffddc680000 - 0x00007ffddc780000 	C:\Windows\System32\ucrtbase.dll
0x00007ffdd7970000 - 0x00007ffdd7987000 	C:\Program Files\Java\jdk-25.0.2\bin\jli.dll
0x00007ffddde60000 - 0x00007ffdde001000 	C:\Windows\System32\USER32.dll
0x00007ffddbf40000 - 0x00007ffddbf62000 	C:\Windows\System32\win32u.dll
0x00007ffdddd60000 - 0x00007ffdddd8b000 	C:\Windows\System32\GDI32.dll
0x00007ffddc1e0000 - 0x00007ffddc2f9000 	C:\Windows\System32\gdi32full.dll
0x00007ffddc830000 - 0x00007ffddc8cd000 	C:\Windows\System32\msvcp_win.dll
0x00007ffdd6250000 - 0x00007ffdd626e000 	C:\Program Files\Java\jdk-25.0.2\bin\VCRUNTIME140.dll
0x00007ffdc6f90000 - 0x00007ffdc722b000 	C:\Windows\WinSxS\amd64_microsoft.windows.common-controls_6595b64144ccf1df_6.0.19041.6456_none_60b8a6cb71f64256\COMCTL32.dll
0x00007ffdde010000 - 0x00007ffdde0ae000 	C:\Windows\System32\msvcrt.dll
0x00007ffdde780000 - 0x00007ffdde7af000 	C:\Windows\System32\IMM32.DLL
0x00007ffdd9560000 - 0x00007ffdd956c000 	C:\Program Files\Java\jdk-25.0.2\bin\vcruntime140_1.dll
0x00007ffdbba90000 - 0x00007ffdbbb1d000 	C:\Program Files\Java\jdk-25.0.2\bin\msvcp140.dll
0x00007ffd79d00000 - 0x00007ffd7ab5f000 	C:\Program Files\Java\jdk-25.0.2\bin\server\jvm.dll
0x00007ffdde7b0000 - 0x00007ffdde861000 	C:\Windows\System32\ADVAPI32.dll
0x00007ffddd370000 - 0x00007ffddd40f000 	C:\Windows\System32\sechost.dll
0x00007ffddd1c0000 - 0x00007ffddd2e0000 	C:\Windows\System32\RPCRT4.dll
0x00007ffddc0d0000 - 0x00007ffddc0f7000 	C:\Windows\System32\bcrypt.dll
0x00007ffddd2f0000 - 0x00007ffddd35b000 	C:\Windows\System32\WS2_32.dll
0x00007ffddbda0000 - 0x00007ffddbdeb000 	C:\Windows\SYSTEM32\POWRPROF.dll
0x00007ffdc79b0000 - 0x00007ffdc79d7000 	C:\Windows\SYSTEM32\WINMM.dll
0x00007ffdd4ce0000 - 0x00007ffdd4cea000 	C:\Windows\SYSTEM32\VERSION.dll
0x00007ffddbd80000 - 0x00007ffddbd92000 	C:\Windows\SYSTEM32\UMPDC.dll
0x00007ffdd9d70000 - 0x00007ffdd9d82000 	C:\Windows\SYSTEM32\kernel.appcore.dll
0x00007ffdd7950000 - 0x00007ffdd795a000 	C:\Program Files\Java\jdk-25.0.2\bin\jimage.dll
0x00007ffdc79e0000 - 0x00007ffdc7be1000 	C:\Windows\SYSTEM32\DBGHELP.DLL
0x00007ffdba4f0000 - 0x00007ffdba524000 	C:\Windows\SYSTEM32\dbgcore.DLL
0x00007ffddc150000 - 0x00007ffddc1d2000 	C:\Windows\System32\bcryptPrimitives.dll
0x00007ffdd6230000 - 0x00007ffdd624f000 	C:\Program Files\Java\jdk-25.0.2\bin\java.dll
0x00007ffdde2f0000 - 0x00007ffdde41b000 	C:\Windows\System32\ole32.dll
0x00007ffdde420000 - 0x00007ffdde774000 	C:\Windows\System32\combase.dll
0x00007ffddd5f0000 - 0x00007ffdddd60000 	C:\Windows\System32\SHELL32.dll
0x00007ffdd9f70000 - 0x00007ffdda715000 	C:\Windows\SYSTEM32\windows.storage.dll
0x00007ffddb7b0000 - 0x00007ffddb7db000 	C:\Windows\SYSTEM32\Wldp.dll
0x00007ffdddd90000 - 0x00007ffddde5d000 	C:\Windows\System32\OLEAUT32.dll
0x00007ffddd420000 - 0x00007ffddd4cd000 	C:\Windows\System32\SHCORE.dll
0x00007ffddd0e0000 - 0x00007ffddd13b000 	C:\Windows\System32\shlwapi.dll
0x00007ffddbe70000 - 0x00007ffddbe94000 	C:\Windows\SYSTEM32\profapi.dll
0x00007ffdd61c0000 - 0x00007ffdd61d2000 	C:\Program Files\Java\jdk-25.0.2\bin\net.dll
0x00007ffddb590000 - 0x00007ffddb5fa000 	C:\Windows\system32\mswsock.dll
0x00007ffdd6140000 - 0x00007ffdd6156000 	C:\Program Files\Java\jdk-25.0.2\bin\nio.dll
0x00007ffdd6080000 - 0x00007ffdd6097000 	C:\Program Files\Java\jdk-25.0.2\bin\zip.dll
0x00007ffdc9b20000 - 0x00007ffdc9b29000 	C:\Program Files\Java\jdk-25.0.2\bin\attach.dll
0x00007ffddd2e0000 - 0x00007ffddd2e8000 	C:\Windows\System32\PSAPI.DLL

JVMTI agents: none

dbghelp: loaded successfully - version: 4.0.5 - missing functions: none
symbol engine: initialized successfully - sym options: 0x614 - pdb path: .;C:\Program Files\Java\jdk-25.0.2\bin;C:\Windows\SYSTEM32;C:\Windows\WinSxS\amd64_microsoft.windows.common-controls_6595b64144ccf1df_6.0.19041.6456_none_60b8a6cb71f64256;C:\Program Files\Java\jdk-25.0.2\bin\server

VM Arguments:
jvm_args: -Dnet.bytebuddy.agent.attacher.dump= 
java_command: net.bytebuddy.agent.Attacher com.sun.tools.attach.VirtualMachine 12156 C:\Users\Mayene\.m2\repository\net\bytebuddy\byte-buddy-agent\1.17.8\byte-buddy-agent-1.17.8.jar false 
java_class_path (initial): C:\Users\Mayene\.m2\repository\net\bytebuddy\byte-buddy-agent\1.17.8\byte-buddy-agent-1.17.8.jar
Launcher Type: SUN_STANDARD

[Global flags]
     intx CICompilerCount                          = 3                                         {product} {ergonomic}
     uint ConcGCThreads                            = 1                                         {product} {ergonomic}
     uint G1ConcRefinementThreads                  = 4                                         {product} {ergonomic}
   size_t G1HeapRegionSize                         = 1048576                                   {product} {ergonomic}
   size_t InitialHeapSize                          = 134217728                                 {product} {ergonomic}
   size_t MarkStackSize                            = 4194304                                   {product} {ergonomic}
   size_t MarkStackSizeMax                         = 536870912                                 {product} {ergonomic}
   size_t MaxHeapSize                              = 2116026368                                {product} {ergonomic}
   size_t MaxNewSize                               = 1268776960                                {product} {ergonomic}
   size_t MinHeapDeltaBytes                        = 1048576                                   {product} {ergonomic}
   size_t MinHeapSize                              = 8388608                                   {product} {ergonomic}
    uintx NonNMethodCodeHeapSize                   = 5832704                                {pd product} {ergonomic}
    uintx NonProfiledCodeHeapSize                  = 122945536                              {pd product} {ergonomic}
    uintx ProfiledCodeHeapSize                     = 122880000                              {pd product} {ergonomic}
    uintx ReservedCodeCacheSize                    = 251658240                              {pd product} {ergonomic}
     bool SegmentedCodeCache                       = true                                      {product} {ergonomic}
   size_t SoftMaxHeapSize                          = 2116026368                             {manageable} {ergonomic}
     bool UseCompressedOops                        = true                           {product lp64_product} {ergonomic}
     bool UseG1GC                                  = true                                      {product} {ergonomic}
     bool UseLargePagesIndividualAllocation        = false                                  {pd product} {ergonomic}

Logging:
Log output configuration:
 #0: stdout all=warning uptime,level,tags foldmultilines=false
 #1: stderr all=off uptime,level,tags foldmultilines=false

Release file:
IMPLEMENTOR="Oracle Corporation" 
JAVA_RUNTIME_VERSION="25.0.2+10-LTS-69" 
JAVA_VERSION="25.0.2" 
JAVA_VERSION_DATE="2026-01-20" 
LIBC="default" 
MODULES="java.base java.compiler java.datatransfer java.xml java.prefs java.desktop java.instrument java.logging java.management java.security.sasl java.naming java.rmi java.management.rmi java.net.http java.scripting java.security.jgss java.transaction.xa java.sql java.sql.rowset java.xml.crypto java.se java.smartcardio jdk.accessibility jdk.internal.jvmstat jdk.attach jdk.charsets jdk.internal.opt jdk.zipfs jdk.compiler jdk.crypto.cryptoki jdk.crypto.ec jdk.crypto.mscapi jdk.dynalink jdk.internal.ed jdk.editpad jdk.internal.vm.ci jdk.graal.compiler jdk.graal.compiler.management jdk.hotspot.agent jdk.httpserver jdk.incubator.vector jdk.internal.le jdk.internal.md jdk.jartool jdk.javadoc jdk.jcmd jdk.management jdk.management.agent jdk.jconsole jdk.jdeps jdk.jdwp.agent jdk.jdi jdk.jfr jdk.jlink jdk.jpackage jdk.jshell jdk.jsobject jdk.jstatd jdk.localedata jdk.management.jfr jdk.naming.dns jdk.naming.rmi jdk.net jdk.nio.mapmode jdk.sctp jdk.security.auth jdk.security.jgss jdk.unsupported jdk.unsupported.desktop jdk.xml.dom" 
OS_ARCH="x86_64" 
OS_NAME="Windows" 
SOURCE=".:git:b75efb40c93a open:git:405a5699ebd0" 

Environment Variables:
PATH=C:\Program Files\Common Files\Oracle\Java\javapath;C:\Windows\system32;C:\Windows;C:\Windows\System32\Wbem;C:\Windows\System32\WindowsPowerShell\v1.0\;C:\Windows\System32\OpenSSH\;C:\Program Files\dotnet\;C:\Program Files\Cloudflare\Cloudflare WARP\;C:\Program Files\Git\cmd;C:\Users\Mayene\AppData\Local\Microsoft\WindowsApps
USERNAME=Mayene
OS=Windows_NT
PROCESSOR_IDENTIFIER=Intel64 Family 6 Model 142 Stepping 9, GenuineIntel
TMP=C:\Users\Mayene\AppData\Local\Temp
TEMP=C:\Users\Mayene\AppData\Local\Temp




Compilation memory statistics disabled.

Periodic native trim disabled

---------------  S Y S T E M  ---------------

OS:
 Windows 10 , 64 bit Build 19041 (10.0.19041.5915)
OS uptime: 0 days 3:16 hours
Hyper-V role detected

CPU: total 4 (initial active 4) (2 cores per cpu, 2 threads per core) family 6 model 142 stepping 9 microcode 0xb4, cx8, cmov, fxsr, ht, mmx, 3dnowpref, sse, sse2, sse3, ssse3, sse4.1, sse4.2, popcnt, lzcnt, tsc, tscinvbit, avx, avx2, aes, erms, clmul, bmi1, bmi2, adx, fma, vzeroupper, clflush, clflushopt, hv, rdtscp, f16c
Processor Information for the first 4 processors :
  Max Mhz: 2712, Current Mhz: 2511, Mhz Limit: 2495

Memory: 4k page, system-wide physical 8067M (511M free)
TotalPageFile size 10115M (AvailPageFile size 30M)
current process WorkingSet (physical memory assigned to process): 52M, peak: 52M
current process commit charge ("private bytes"): 214M, peak: 217M

vm_info: Java HotSpot(TM) 64-Bit Server VM (25.0.2+10-LTS-69) for windows-amd64 JRE (25.0.2+10-LTS-69), built on 2025-12-18T11:36:35Z with MS VC++ 17.13 (VS2022)

END.
